mode: set
go-gin-postgre-crud/controllers/product_controller.go:13.34,15.56 2 0
go-gin-postgre-crud/controllers/product_controller.go:15.56,18.3 2 0
go-gin-postgre-crud/controllers/product_controller.go:19.2,19.33 1 0
go-gin-postgre-crud/controllers/product_controller.go:23.37,26.60 3 0
go-gin-postgre-crud/controllers/product_controller.go:26.60,29.3 2 0
go-gin-postgre-crud/controllers/product_controller.go:30.2,30.32 1 0
go-gin-postgre-crud/controllers/product_controller.go:34.36,36.51 2 0
go-gin-postgre-crud/controllers/product_controller.go:36.51,39.3 2 0
go-gin-postgre-crud/controllers/product_controller.go:42.2,42.80 1 0
go-gin-postgre-crud/controllers/product_controller.go:42.80,45.38 2 0
go-gin-postgre-crud/controllers/product_controller.go:45.38,46.50 1 0
go-gin-postgre-crud/controllers/product_controller.go:46.50,53.5 2 0
go-gin-postgre-crud/controllers/product_controller.go:56.3,56.73 1 0
go-gin-postgre-crud/controllers/product_controller.go:56.73,59.4 2 0
go-gin-postgre-crud/controllers/product_controller.go:60.3,65.9 2 0
go-gin-postgre-crud/controllers/product_controller.go:69.2,69.60 1 0
go-gin-postgre-crud/controllers/product_controller.go:69.60,75.58 2 0
go-gin-postgre-crud/controllers/product_controller.go:75.58,78.4 2 0
go-gin-postgre-crud/controllers/product_controller.go:79.3,80.9 2 0
go-gin-postgre-crud/controllers/product_controller.go:83.2,83.73 1 0
go-gin-postgre-crud/controllers/product_controller.go:87.36,90.51 3 0
go-gin-postgre-crud/controllers/product_controller.go:90.51,93.3 2 0
go-gin-postgre-crud/controllers/product_controller.go:94.2,94.78 1 0
go-gin-postgre-crud/controllers/product_controller.go:94.78,97.3 2 0
go-gin-postgre-crud/controllers/product_controller.go:98.2,98.73 1 0
go-gin-postgre-crud/controllers/product_controller.go:102.36,104.70 2 0
go-gin-postgre-crud/controllers/product_controller.go:104.70,107.3 2 0
go-gin-postgre-crud/controllers/product_controller.go:108.2,108.73 1 0
go-gin-postgre-crud/main.go:16.13,27.16 7 0
go-gin-postgre-crud/main.go:27.16,29.3 1 0
go-gin-postgre-crud/main.go:30.2,41.48 3 0
go-gin-postgre-crud/main.go:41.48,43.3 1 0
go-gin-postgre-crud/config/database.go:14.24,24.16 8 0
go-gin-postgre-crud/config/database.go:24.16,26.3 1 0
go-gin-postgre-crud/config/database.go:28.2,29.48 2 0
go-gin-postgre-crud/routes/routes.go:9.38,10.45 1 0
go-gin-postgre-crud/routes/routes.go:10.45,14.3 1 0
go-gin-postgre-crud/routes/routes.go:16.2,17.2 2 0
go-gin-postgre-crud/routes/routes.go:17.2,33.3 5 0
